<?xml version="1.0" encoding="UTF-8"?>
<!-- Generated by org.testng.reporters.JUnitXMLReporter -->
<testsuite hostname="DESKTOP-6T2F3RA" ignored="2" name="TestCase" tests="3" failures="1" timestamp="2021-11-27T13:34:42 IST" time="8.412" errors="0">
  <testcase name="returnTicket" time="2.844" classname="com.automation.testcases.ui.TestCaseClass"/>
  <testcase name="Testcase_Google" time="2.014" classname="com.automation.testcases.ui.TestCase1"/>
  <testcase name="Testcase_Google2" time="0.002" classname="com.automation.testcases.ui.TestCase1">
    <failure type="java.lang.AssertionError" message="expected [ansd] but found [abcd]">
      <![CDATA[java.lang.AssertionError: expected [ansd] but found [abcd]
at com.automation.testcases.ui.TestCase1.Testcase_Google2(TestCase1.java:39)
at java.util.ArrayList.forEach(ArrayList.java:1257)
... Removed 33 stack frames]]>
    </failure>
  </testcase> <!-- Testcase_Google2 -->
  <testcase name="@AfterSuite afterSuite" time="0.0" classname="com.automation.helper.Helper">
    <ignored/>
  </testcase> <!-- @AfterSuite afterSuite -->
  <testcase name="@BeforeSuite beforeSuite" time="0.0" classname="com.automation.helper.Helper">
    <ignored/>
  </testcase> <!-- @BeforeSuite beforeSuite -->
</testsuite> <!-- TestCase -->
