<?xml version="1.0" encoding="UTF-8"?>
<!-- Generated by org.testng.reporters.JUnitXMLReporter -->
<testsuite hostname="DESKTOP-6T2F3RA" ignored="4" name="Test1" tests="2" failures="0" timestamp="2021-11-27T18:06:52 IST" time="8.678" errors="0">
  <testcase name="Testcase_Google" time="3.533" classname="com.automation.testcases.ui.TestCase1"/>
  <testcase name="returnTicket" time="3.902" classname="com.automation.testcases.ui.TestCaseClass"/>
  <testcase name="@AfterSuite afterSuite" time="0.0" classname="com.automation.helper.Helper">
    <ignored/>
  </testcase> <!-- @AfterSuite afterSuite -->
  <testcase name="@AfterSuite afterSuite" time="0.0" classname="com.automation.helper.Helper">
    <ignored/>
  </testcase> <!-- @AfterSuite afterSuite -->
  <testcase name="@BeforeSuite beforeSuite" time="0.0" classname="com.automation.helper.Helper">
    <ignored/>
  </testcase> <!-- @BeforeSuite beforeSuite -->
  <testcase name="@BeforeSuite beforeSuite" time="0.0" classname="com.automation.helper.Helper">
    <ignored/>
  </testcase> <!-- @BeforeSuite beforeSuite -->
</testsuite> <!-- Test1 -->
