<?xml version="1.0" encoding="UTF-8"?>
<testng-results ignored="0" total="1" passed="1" failed="0" skipped="0">
  <reporter-output>
  </reporter-output>
  <suite started-at="2021-11-30T11:48:36 IST" name="Default suite" finished-at="2021-11-30T11:48:48 IST" duration-ms="11869">
    <groups>
    </groups>
    <test started-at="2021-11-30T11:48:36 IST" name="Default test" finished-at="2021-11-30T11:48:48 IST" duration-ms="11869">
      <class name="com.automation.testcases.ui.TestCase1">
        <test-method is-config="true" signature="beforeSuite()[pri:0, instance:com.automation.testcases.ui.TestCase1@c88a337]" started-at="2021-11-30T11:48:36 IST" name="beforeSuite" finished-at="2021-11-30T11:48:36 IST" duration-ms="135" status="PASS">
          <reporter-output>
          </reporter-output>
        </test-method> <!-- beforeSuite -->
        <test-method is-config="true" signature="beforeClass()[pri:0, instance:com.automation.testcases.ui.TestCase1@c88a337]" started-at="2021-11-30T11:48:36 IST" name="beforeClass" finished-at="2021-11-30T11:48:36 IST" duration-ms="0" status="PASS">
          <reporter-output>
          </reporter-output>
        </test-method> <!-- beforeClass -->
        <test-method is-config="true" signature="beforeMethodClass()[pri:0, instance:com.automation.testcases.ui.TestCase1@c88a337]" started-at="2021-11-30T11:48:36 IST" name="beforeMethodClass" finished-at="2021-11-30T11:48:41 IST" duration-ms="4496" status="PASS">
          <reporter-output>
          </reporter-output>
        </test-method> <!-- beforeMethodClass -->
        <test-method signature="Testcase_Google()[pri:0, instance:com.automation.testcases.ui.TestCase1@c88a337]" started-at="2021-11-30T11:48:41 IST" name="Testcase_Google" finished-at="2021-11-30T11:48:48 IST" duration-ms="7342" status="PASS">
          <reporter-output>
          </reporter-output>
        </test-method> <!-- Testcase_Google -->
        <test-method is-config="true" signature="getResult(org.testng.ITestResult)[pri:0, instance:com.automation.testcases.ui.TestCase1@c88a337]" started-at="2021-11-30T11:48:48 IST" name="getResult" finished-at="2021-11-30T11:48:48 IST" duration-ms="2" status="PASS">
          <params>
            <param index="0">
              <value>
                <![CDATA[[TestResult name=Testcase_Google status=SUCCESS method=TestCase1.Testcase_Google()[pri:0, instance:com.automation.testcases.ui.TestCase1@c88a337] output={null}]]]>
              </value>
            </param>
          </params>
          <reporter-output>
          </reporter-output>
        </test-method> <!-- getResult -->
        <test-method is-config="true" signature="afterClass()[pri:0, instance:com.automation.testcases.ui.TestCase1@c88a337]" started-at="2021-11-30T11:48:48 IST" name="afterClass" finished-at="2021-11-30T11:48:48 IST" duration-ms="0" status="PASS">
          <reporter-output>
          </reporter-output>
        </test-method> <!-- afterClass -->
        <test-method is-config="true" signature="afterSuite()[pri:0, instance:com.automation.testcases.ui.TestCase1@c88a337]" started-at="2021-11-30T11:48:48 IST" name="afterSuite" finished-at="2021-11-30T11:48:48 IST" duration-ms="216" status="PASS">
          <reporter-output>
          </reporter-output>
        </test-method> <!-- afterSuite -->
      </class> <!-- com.automation.testcases.ui.TestCase1 -->
    </test> <!-- Default test -->
  </suite> <!-- Default suite -->
</testng-results>
