<?xml version="1.0" encoding="UTF-8"?>
<testng-results skipped="0" failed="0" ignored="0" total="1" passed="1">
  <reporter-output>
  </reporter-output>
  <suite name="Default suite" duration-ms="1554" started-at="2021-11-28T18:32:20 IST" finished-at="2021-11-28T18:32:21 IST">
    <groups>
    </groups>
    <test name="Default test" duration-ms="1554" started-at="2021-11-28T18:32:20 IST" finished-at="2021-11-28T18:32:21 IST">
      <class name="com.automation.webservices.test.GetData">
        <test-method status="PASS" signature="testResponseCode()[pri:0, instance:com.automation.webservices.test.GetData@1786dec2]" name="testResponseCode" duration-ms="1516" started-at="2021-11-28T18:32:20 IST" finished-at="2021-11-28T18:32:21 IST">
          <reporter-output>
          </reporter-output>
        </test-method> <!-- testResponseCode -->
      </class> <!-- com.automation.webservices.test.GetData -->
    </test> <!-- Default test -->
  </suite> <!-- Default suite -->
</testng-results>
